[Runner] Running against 7 dataset(s)...

[Runner] Dataset: 1HZ100V_2026-04-10T08-01-59.json (300 ticks, 1HZ100V)
--- strategy:              AutoResearch Hybrid v12
--- score:                 -39.9
--- net_pnl:               -4210.3
--- final_balance:         5789.7
--- total_trades:          18
--- wins:                  9
--- losses:                9
--- win_rate:              50%
--- sharpe_ratio:          -0.14
--- max_drawdown:          10869.53
--- max_drawdown_pct:      80.38%
--- profit_factor:         0.74
--- ticks_processed:       300

[Runner] Dataset: 1HZ100V_2026-04-10T08-08-03.json (300 ticks, 1HZ100V)
--- strategy:              AutoResearch Hybrid v12
--- score:                 -82.4
--- net_pnl:               -8110.17
--- final_balance:         1889.83
--- total_trades:          20
--- wins:                  7
--- losses:                13
--- win_rate:              35%
--- sharpe_ratio:          -0.24
--- max_drawdown:          11897.33
--- max_drawdown_pct:      86.29%
--- profit_factor:         0.6
--- ticks_processed:       300

[Runner] Dataset: 1HZ100V_2026-04-10T08-38-49.json (300 ticks, 1HZ100V)
--- strategy:              AutoResearch Hybrid v12
--- score:                 -78.27
--- net_pnl:               -7676.11
--- final_balance:         2323.89
--- total_trades:          18
--- wins:                  7
--- losses:                11
--- win_rate:              38.89%
--- sharpe_ratio:          -0.27
--- max_drawdown:          14074.57
--- max_drawdown_pct:      90.91%
--- profit_factor:         0.55
--- ticks_processed:       300

[Runner] Dataset: 1HZ10V_2026-04-10T08-38-49.json (300 ticks, 1HZ10V)
--- strategy:              AutoResearch Hybrid v12
--- score:                 60.42
--- net_pnl:               4588.16
--- final_balance:         14588.16
--- total_trades:          7
--- wins:                  5
--- losses:                2
--- win_rate:              71.43%
--- sharpe_ratio:          0.37
--- max_drawdown:          3686.79
--- max_drawdown_pct:      28.09%
--- profit_factor:         2.21
--- ticks_processed:       300

[Runner] Dataset: 1HZ25V_2026-04-10T08-38-49.json (299 ticks, 1HZ25V)
--- strategy:              AutoResearch Hybrid v12
--- score:                 66.49
--- net_pnl:               5342.55
--- final_balance:         15342.55
--- total_trades:          9
--- wins:                  6
--- losses:                3
--- win_rate:              66.67%
--- sharpe_ratio:          0.32
--- max_drawdown:          3925
--- max_drawdown_pct:      39.25%
--- profit_factor:         1.97
--- ticks_processed:       299

[Runner] Dataset: 1HZ50V_2026-04-10T08-38-49.json (299 ticks, 1HZ50V)
--- strategy:              AutoResearch Hybrid v12
--- score:                 -45.87
--- net_pnl:               -4401.15
--- final_balance:         5598.85
--- total_trades:          11
--- wins:                  5
--- losses:                6
--- win_rate:              45.45%
--- sharpe_ratio:          -0.32
--- max_drawdown:          7788.71
--- max_drawdown_pct:      77.89%
--- profit_factor:         0.49
--- ticks_processed:       299

[Runner] Dataset: 1HZ75V_2026-04-10T08-38-49.json (300 ticks, 1HZ75V)
--- strategy:              AutoResearch Hybrid v12
--- score:                 98.89
--- net_pnl:               8879.4
--- final_balance:         18879.4
--- total_trades:          20
--- wins:                  13
--- losses:                7
--- win_rate:              65%
--- sharpe_ratio:          0.18
--- max_drawdown:          6712.62
--- max_drawdown_pct:      39.02%
--- profit_factor:         1.46
--- ticks_processed:       300

--- avg_score:             -2.95
--- datasets:              7
--- avg_net_pnl:           -798.23
--- avg_win_rate:          53.21%
--- avg_sharpe:            -0.01
--- total_trades:          103
--- peak_mem_mb:           9
--- status:                ok
